\BOOKMARK [1][-]{section.1}{Mathematical properties}{}% 1
\BOOKMARK [2][-]{subsection.1.1}{Definition}{section.1}% 2
\BOOKMARK [2][-]{subsection.1.2}{Remark}{section.1}% 3
\BOOKMARK [2][-]{subsection.1.3}{Proposition}{section.1}% 4
\BOOKMARK [2][-]{subsection.1.4}{Proposition}{section.1}% 5
\BOOKMARK [2][-]{subsection.1.5}{Proposition}{section.1}% 6
\BOOKMARK [2][-]{subsection.1.6}{Striped-triangular form}{section.1}% 7
\BOOKMARK [1][-]{section.2}{Algorithm}{}% 8
\BOOKMARK [2][-]{subsection.2.1}{Example: first row}{section.2}% 9
\BOOKMARK [2][-]{subsection.2.2}{General case}{section.2}% 10
\BOOKMARK [3][-]{subsubsection.2.2.1}{Proposition}{subsection.2.2}% 11
\BOOKMARK [3][-]{subsubsection.2.2.2}{Proposition}{subsection.2.2}% 12
\BOOKMARK [3][-]{subsubsection.2.2.3}{Proposition}{subsection.2.2}% 13
\BOOKMARK [2][-]{subsection.2.3}{Choosing the pivot and normalize}{section.2}% 14
\BOOKMARK [2][-]{subsection.2.4}{Eliminating A2r, k}{section.2}% 15
\BOOKMARK [1][-]{section.3}{Implementation}{}% 16
\BOOKMARK [1][-]{section.4}{Exact results}{}% 17
\BOOKMARK [2][-]{subsection.4.1}{00}{section.4}% 18
\BOOKMARK [2][-]{subsection.4.2}{22}{section.4}% 19
\BOOKMARK [2][-]{subsection.4.3}{44}{section.4}% 20
\BOOKMARK [2][-]{subsection.4.4}{66}{section.4}% 21
